<?xml version="1.0" encoding="UTF-8"?>
<!-- Generated by org.testng.reporters.JUnitXMLReporter -->
<testsuite ignored="0" hostname="DESKTOP-85PDU80" failures="0" tests="4" name="Default test" time="21.055" errors="0" timestamp="2023-03-30T21:26:09 IST">
  <testcase classname="heruku.herukuTest" name="tc2" time="5.544"/>
  <testcase classname="heruku.herukuTest" name="tc3" time="2.695"/>
  <testcase classname="heruku.herukuTest" name="tc4" time="1.245"/>
  <testcase classname="heruku.herukuTest" name="tc5" time="2.28"/>
</testsuite> <!-- Default test -->
