<?xml version="1.0" encoding="UTF-8"?>
<testng-results ignored="0" total="4" passed="4" failed="0" skipped="0">
  <reporter-output>
  </reporter-output>
  <suite started-at="2023-05-15T13:41:06 IST" name="Suite" finished-at="2023-05-15T13:42:33 IST" duration-ms="87615">
    <groups>
    </groups>
    <test started-at="2023-05-15T13:41:06 IST" name="Test" finished-at="2023-05-15T13:42:33 IST" duration-ms="87615">
      <class name="heruku.herukuTest">
        <test-method is-config="true" signature="tc1()[pri:0, instance:heruku.herukuTest@53ce1329]" started-at="2023-05-15T13:41:06 IST" name="tc1" finished-at="2023-05-15T13:42:04 IST" duration-ms="57955" status="PASS">
          <reporter-output>
          </reporter-output>
        </test-method> <!-- tc1 -->
        <test-method signature="tc2()[pri:0, instance:heruku.herukuTest@53ce1329]" started-at="2023-05-15T13:42:04 IST" name="tc2" finished-at="2023-05-15T13:42:17 IST" duration-ms="12914" status="PASS">
          <reporter-output>
          </reporter-output>
        </test-method> <!-- tc2 -->
        <test-method signature="tc3()[pri:0, instance:heruku.herukuTest@53ce1329]" started-at="2023-05-15T13:42:17 IST" name="tc3" finished-at="2023-05-15T13:42:20 IST" duration-ms="3681" status="PASS">
          <reporter-output>
          </reporter-output>
        </test-method> <!-- tc3 -->
        <test-method signature="tc4()[pri:0, instance:heruku.herukuTest@53ce1329]" started-at="2023-05-15T13:42:20 IST" name="tc4" finished-at="2023-05-15T13:42:22 IST" duration-ms="1284" status="PASS">
          <reporter-output>
          </reporter-output>
        </test-method> <!-- tc4 -->
        <test-method signature="tc5()[pri:0, instance:heruku.herukuTest@53ce1329]" started-at="2023-05-15T13:42:22 IST" name="tc5" finished-at="2023-05-15T13:42:25 IST" duration-ms="3225" status="PASS">
          <reporter-output>
          </reporter-output>
        </test-method> <!-- tc5 -->
        <test-method is-config="true" signature="tc6()[pri:0, instance:heruku.herukuTest@53ce1329]" started-at="2023-05-15T13:42:25 IST" name="tc6" finished-at="2023-05-15T13:42:33 IST" duration-ms="8451" status="PASS">
          <reporter-output>
          </reporter-output>
        </test-method> <!-- tc6 -->
      </class> <!-- heruku.herukuTest -->
    </test> <!-- Test -->
  </suite> <!-- Suite -->
</testng-results>
