<?xml version="1.0" encoding="UTF-8"?>
<!-- Generated by org.testng.reporters.JUnitXMLReporter -->
<testsuite ignored="0" hostname="DESKTOP-85PDU80" failures="0" tests="4" name="Test" time="87.615" errors="0" timestamp="2023-05-15T13:42:35 IST">
  <testcase classname="heruku.herukuTest" name="tc2" time="12.914"/>
  <testcase classname="heruku.herukuTest" name="tc3" time="3.681"/>
  <testcase classname="heruku.herukuTest" name="tc4" time="1.284"/>
  <testcase classname="heruku.herukuTest" name="tc5" time="3.225"/>
</testsuite> <!-- Test -->
